<?xml version="1.0" encoding="UTF-8"?>
<!-- Generated by org.testng.reporters.JUnitReportReporter -->
<testsuite skipped="0" hostname="DESKTOP-CFS1HL3" name="TestRunner.Runner" tests="1" failures="0" timestamp="01 May 2020 18:03:50 GMT" time="39.367" errors="0">
  <testcase name="feature" time="39.367" classname="TestRunner.Runner"/>
</testsuite> <!-- TestRunner.Runner -->
