<?xml version="1.0" encoding="UTF-8"?>
<!-- Generated by org.testng.reporters.JUnitReportReporter -->
<testsuite hostname="DESKTOP-CFS1HL3" name="TestRunner.Runner" tests="1" failures="0" timestamp="30 Apr 2020 20:25:36 GMT" time="36.863" errors="0">
  <testcase name="feature" time="36.863" classname="TestRunner.Runner"/>
</testsuite> <!-- TestRunner.Runner -->
