<?xml version="1.0" encoding="UTF-8"?>
<!-- Generated by org.testng.reporters.JUnitReportReporter -->
<testsuite skipped="0" hostname="DESKTOP-CFS1HL3" name="TestRunner.Runner" tests="1" failures="0" timestamp="03 May 2020 18:27:06 GMT" time="46.284" errors="0">
  <testcase name="feature" time="46.284" classname="TestRunner.Runner"/>
</testsuite> <!-- TestRunner.Runner -->
